Start:2020-05-01 18:22:34.151018
Finish:2020-05-01 19:36:35.711517
Consume Time:1:14:01.560545
Start:2020-05-01 20:34:42.887318
Finish:2020-05-02 07:31:49.669354
Consume Time:10:57:06.782082
../data/l1000/max30/0_neg.txt
Start:2020-05-02 21:08:48.694787
Finish:2020-05-02 22:45:17.930252
Consume Time:1:36:29.235532
../data/l1000/max30/1_neg.txt
Start:2020-05-02 22:45:21.309238
Finish:2020-05-03 00:14:49.659190
Consume Time:1:29:28.349993
../data/l1000/max30/2_neg.txt
Start:2020-05-03 00:14:52.873302
Finish:2020-05-03 01:55:53.739300
Consume Time:1:41:00.866095
../data/l1000/max30/3_neg.txt
Start:2020-05-03 01:55:57.144184
Finish:2020-05-03 03:37:57.265102
Consume Time:1:42:00.120963
../data/l1000/max30/4_neg.txt
Start:2020-05-03 03:38:00.456945
Finish:2020-05-03 05:30:56.920957
Consume Time:1:52:56.464073
../data/l1000/max30/train_max30.txt
Start:2020-05-05 12:23:42.068968
Finish:2020-05-05 13:43:13.580671
Consume Time:1:19:31.511745
../data/l1000/max30/0_neg.txt
Start:2020-05-05 13:43:16.628834
Finish:2020-05-05 15:11:05.313145
Consume Time:1:27:48.684355
../data/l1000/max30/1_neg.txt
Start:2020-05-05 15:11:08.527398
Finish:2020-05-05 16:43:12.073570
Consume Time:1:32:03.546216
../data/l1000/max30/2_neg.txt
Start:2020-05-05 16:43:15.142694
Finish:2020-05-05 18:16:36.530153
Consume Time:1:33:21.387502
../data/l1000/max30/3_neg.txt
Start:2020-05-05 18:16:39.693173
Finish:2020-05-05 19:52:56.150894
Consume Time:1:36:16.457764
../data/l1000/max30/4_neg.txt
Start:2020-05-05 19:52:59.585311
Finish:2020-05-05 21:38:40.206844
Consume Time:1:45:40.621576
