/home/shinhwan/anaconda2/envs/icml18_l1000/lib/python2.7/site-packages/torch/nn/_reduction.py:43: UserWarning: size_average and reduce args will be deprecated, please use reduction='sum' instead.
  warnings.warn(warning.format(ret))
Namespace(anneal_iter=40000, anneal_rate=0.9, batch_size=16, beta=0.0, clip_norm=50.0, depthG=3, depthT=20, epoch=20, hidden_size=200, kl_anneal_iter=2000, latent_size=56, load_epoch=0, lr=0.001, max_beta=1.0, print_iter=50, save_dir='./pre_model', step_beta=0.002, train='../data/l1000/max40/processed', vocab='../data/l1000/max40/train_max40_vocab.txt', warmup=40000)
JTNNVAE(
  (jtnn): JTNNEncoder(
    (embedding): Embedding(378, 200)
    (outputNN): Sequential(
      (0): Linear(in_features=400, out_features=200, bias=True)
      (1): ReLU()
    )
    (GRU): GraphGRU(
      (W_z): Linear(in_features=400, out_features=200, bias=True)
      (W_r): Linear(in_features=200, out_features=200, bias=False)
      (U_r): Linear(in_features=200, out_features=200, bias=True)
      (W_h): Linear(in_features=400, out_features=200, bias=True)
    )
  )
  (decoder): JTNNDecoder(
    (embedding): Embedding(378, 200)
    (W_z): Linear(in_features=400, out_features=200, bias=True)
    (U_r): Linear(in_features=200, out_features=200, bias=False)
    (W_r): Linear(in_features=200, out_features=200, bias=True)
    (W_h): Linear(in_features=400, out_features=200, bias=True)
    (W): Linear(in_features=228, out_features=200, bias=True)
    (U): Linear(in_features=228, out_features=200, bias=True)
    (U_i): Linear(in_features=400, out_features=200, bias=True)
    (W_o): Linear(in_features=200, out_features=378, bias=True)
    (U_o): Linear(in_features=200, out_features=1, bias=True)
    (pred_loss): CrossEntropyLoss()
    (stop_loss): BCEWithLogitsLoss()
  )
  (jtmpn): JTMPN(
    (W_i): Linear(in_features=40, out_features=200, bias=False)
    (W_h): Linear(in_features=200, out_features=200, bias=False)
    (W_o): Linear(in_features=235, out_features=200, bias=True)
  )
  (mpn): MPN(
    (W_i): Linear(in_features=50, out_features=200, bias=False)
    (W_h): Linear(in_features=200, out_features=200, bias=False)
    (W_o): Linear(in_features=239, out_features=200, bias=True)
  )
  (A_assm): Linear(in_features=28, out_features=200, bias=False)
  (assm_loss): CrossEntropyLoss()
  (T_mean): Linear(in_features=200, out_features=28, bias=True)
  (T_var): Linear(in_features=200, out_features=28, bias=True)
  (G_mean): Linear(in_features=200, out_features=28, bias=True)
  (G_var): Linear(in_features=200, out_features=28, bias=True)
)
Model #Params: 1181K
...Finish Making Plot Folder...
EPOCH: 1 | TIME: 2020-04-03 11:45:34.376675 
/home/shinhwan/anaconda2/envs/icml18_l1000/lib/python2.7/site-packages/torch/nn/functional.py:1351: UserWarning: nn.functional.sigmoid is deprecated. Use torch.sigmoid instead.
  warnings.warn("nn.functional.sigmoid is deprecated. Use torch.sigmoid instead.")
/home/shinhwan/anaconda2/envs/icml18_l1000/lib/python2.7/site-packages/torch/nn/functional.py:1340: UserWarning: nn.functional.tanh is deprecated. Use torch.tanh instead.
  warnings.warn("nn.functional.tanh is deprecated. Use torch.tanh instead.")
[0][50] Beta: 0.000, KL: 267.50, Word: 23.21, Topo: 75.51, Assm: 63.86, PNorm: 71.14, GNorm: 50.00
Wloss: 65.37, Tloss: 18.33, Aloss: 5.37
[0][100] Beta: 0.000, KL: 429.85, Word: 35.96, Topo: 89.48, Assm: 76.79, PNorm: 72.65, GNorm: 50.00
Wloss: 43.26, Tloss: 9.71, Aloss: 3.70
[0][150] Beta: 0.000, KL: 481.24, Word: 51.81, Topo: 93.71, Assm: 79.11, PNorm: 74.57, GNorm: 45.60
Wloss: 34.23, Tloss: 6.36, Aloss: 3.06
[0][200] Beta: 0.000, KL: 581.40, Word: 62.98, Topo: 94.63, Assm: 81.98, PNorm: 76.20, GNorm: 50.00
Wloss: 26.07, Tloss: 5.36, Aloss: 2.39
[0][250] Beta: 0.000, KL: 570.67, Word: 70.30, Topo: 95.86, Assm: 83.79, PNorm: 77.77, GNorm: 38.87
Wloss: 21.15, Tloss: 4.35, Aloss: 2.28
[0][300] Beta: 0.000, KL: 523.27, Word: 73.10, Topo: 96.09, Assm: 83.94, PNorm: 79.15, GNorm: 37.85
Wloss: 19.11, Tloss: 3.99, Aloss: 2.25
[0][350] Beta: 0.000, KL: 551.86, Word: 76.88, Topo: 97.05, Assm: 84.96, PNorm: 80.39, GNorm: 29.85
Wloss: 15.74, Tloss: 2.97, Aloss: 2.06
[0][400] Beta: 0.000, KL: 613.81, Word: 78.89, Topo: 97.44, Assm: 86.18, PNorm: 81.48, GNorm: 50.00
Wloss: 14.80, Tloss: 2.70, Aloss: 1.85
[0][450] Beta: 0.000, KL: 620.56, Word: 81.06, Topo: 97.79, Assm: 87.09, PNorm: 82.42, GNorm: 33.92
Wloss: 12.93, Tloss: 2.37, Aloss: 1.69
[0][500] Beta: 0.000, KL: 587.13, Word: 82.10, Topo: 97.65, Assm: 86.34, PNorm: 83.34, GNorm: 34.79
Wloss: 11.95, Tloss: 2.24, Aloss: 1.66
[0][550] Beta: 0.000, KL: 615.58, Word: 82.48, Topo: 97.73, Assm: 86.63, PNorm: 84.19, GNorm: 29.21
Wloss: 11.49, Tloss: 2.28, Aloss: 1.73
[0][600] Beta: 0.000, KL: 565.29, Word: 83.88, Topo: 97.74, Assm: 85.84, PNorm: 85.03, GNorm: 50.00
Wloss: 10.93, Tloss: 2.39, Aloss: 1.69
[0][650] Beta: 0.000, KL: 586.79, Word: 85.34, Topo: 97.89, Assm: 88.20, PNorm: 85.84, GNorm: 30.03
Wloss: 9.89, Tloss: 2.16, Aloss: 1.39
[0][700] Beta: 0.000, KL: 541.87, Word: 85.87, Topo: 98.10, Assm: 88.01, PNorm: 86.59, GNorm: 26.37
Wloss: 9.17, Tloss: 1.93, Aloss: 1.51
[0][750] Beta: 0.000, KL: 581.38, Word: 86.35, Topo: 98.15, Assm: 88.59, PNorm: 87.30, GNorm: 35.61
Wloss: 9.11, Tloss: 1.89, Aloss: 1.42
[0][800] Beta: 0.000, KL: 633.93, Word: 86.99, Topo: 98.27, Assm: 88.63, PNorm: 88.02, GNorm: 37.22
Wloss: 8.43, Tloss: 1.77, Aloss: 1.39
[0][850] Beta: 0.000, KL: 639.23, Word: 87.81, Topo: 98.23, Assm: 89.26, PNorm: 88.67, GNorm: 50.00
Wloss: 8.17, Tloss: 1.87, Aloss: 1.30
[0][900] Beta: 0.000, KL: 304.26, Word: 64.73, Topo: 91.97, Assm: 71.04, PNorm: 89.35, GNorm: 28.04
Wloss: 22.49, Tloss: 5.89, Aloss: 3.90
[0][950] Beta: 0.000, KL: 247.91, Word: 63.10, Topo: 92.51, Assm: 70.76, PNorm: 90.34, GNorm: 26.63
Wloss: 22.16, Tloss: 5.28, Aloss: 3.76
[0][1000] Beta: 0.000, KL: 321.83, Word: 66.25, Topo: 93.14, Assm: 76.01, PNorm: 91.41, GNorm: 24.00
Wloss: 19.44, Tloss: 4.79, Aloss: 3.14
[0][1050] Beta: 0.000, KL: 362.50, Word: 68.61, Topo: 93.70, Assm: 76.54, PNorm: 92.34, GNorm: 34.18
Wloss: 18.37, Tloss: 4.61, Aloss: 3.19
[0][1100] Beta: 0.000, KL: 433.65, Word: 71.26, Topo: 94.38, Assm: 79.76, PNorm: 93.34, GNorm: 34.11
Wloss: 16.07, Tloss: 3.95, Aloss: 2.69
[0][1150] Beta: 0.000, KL: 425.60, Word: 72.00, Topo: 94.75, Assm: 79.64, PNorm: 94.37, GNorm: 40.96
Wloss: 15.06, Tloss: 3.71, Aloss: 2.68
[0][1200] Beta: 0.000, KL: 442.22, Word: 73.57, Topo: 94.95, Assm: 82.73, PNorm: 95.44, GNorm: 25.53
Wloss: 14.26, Tloss: 3.53, Aloss: 2.27
[0][1250] Beta: 0.000, KL: 488.32, Word: 75.46, Topo: 95.26, Assm: 84.19, PNorm: 96.45, GNorm: 44.32
Wloss: 13.47, Tloss: 3.40, Aloss: 2.16
[0][1300] Beta: 0.000, KL: 546.23, Word: 76.94, Topo: 95.89, Assm: 85.59, PNorm: 97.49, GNorm: 33.45
Wloss: 12.53, Tloss: 3.00, Aloss: 1.92
[0][1350] Beta: 0.000, KL: 573.17, Word: 77.35, Topo: 95.66, Assm: 86.62, PNorm: 98.46, GNorm: 44.26
Wloss: 11.77, Tloss: 3.09, Aloss: 1.80
[0][1400] Beta: 0.000, KL: 593.63, Word: 79.67, Topo: 96.40, Assm: 86.76, PNorm: 99.50, GNorm: 34.78
Wloss: 10.94, Tloss: 2.71, Aloss: 1.92
[0][1450] Beta: 0.000, KL: 537.66, Word: 80.70, Topo: 96.41, Assm: 85.86, PNorm: 100.45, GNorm: 50.00
Wloss: 10.29, Tloss: 2.67, Aloss: 1.86
[0][1500] Beta: 0.000, KL: 619.80, Word: 81.68, Topo: 96.85, Assm: 88.46, PNorm: 101.40, GNorm: 32.40
Wloss: 9.51, Tloss: 2.35, Aloss: 1.55
[0][1550] Beta: 0.000, KL: 630.21, Word: 82.63, Topo: 97.00, Assm: 89.85, PNorm: 102.27, GNorm: 50.00
Wloss: 9.15, Tloss: 2.26, Aloss: 1.36
[0][1600] Beta: 0.000, KL: 637.96, Word: 84.09, Topo: 96.63, Assm: 89.63, PNorm: 103.17, GNorm: 47.50
Wloss: 8.11, Tloss: 2.64, Aloss: 1.41
[0][1650] Beta: 0.000, KL: 653.84, Word: 84.96, Topo: 97.17, Assm: 90.70, PNorm: 103.95, GNorm: 32.42
Wloss: 7.72, Tloss: 2.19, Aloss: 1.31
[0][1700] Beta: 0.000, KL: 736.69, Word: 86.34, Topo: 97.67, Assm: 91.45, PNorm: 104.71, GNorm: 33.01
Wloss: 7.37, Tloss: 1.80, Aloss: 1.15
[0][1750] Beta: 0.000, KL: 579.62, Word: 81.07, Topo: 97.18, Assm: 86.33, PNorm: 105.19, GNorm: 34.30
Wloss: 13.27, Tloss: 2.69, Aloss: 2.56
[0][1800] Beta: 0.000, KL: 468.18, Word: 88.30, Topo: 98.64, Assm: 92.16, PNorm: 105.64, GNorm: 28.58
Wloss: 7.15, Tloss: 1.38, Aloss: 1.13
[0][1850] Beta: 0.000, KL: 564.82, Word: 92.46, Topo: 99.28, Assm: 93.29, PNorm: 106.00, GNorm: 22.07
Wloss: 4.62, Tloss: 0.78, Aloss: 0.88
[0][1900] Beta: 0.000, KL: 551.44, Word: 92.89, Topo: 99.34, Assm: 93.50, PNorm: 106.35, GNorm: 31.82
Wloss: 4.25, Tloss: 0.75, Aloss: 0.89
[0][1950] Beta: 0.000, KL: 620.44, Word: 94.65, Topo: 99.52, Assm: 94.37, PNorm: 106.66, GNorm: 17.73
Wloss: 3.21, Tloss: 0.54, Aloss: 0.75
[0][2000] Beta: 0.000, KL: 628.85, Word: 95.21, Topo: 99.38, Assm: 94.40, PNorm: 106.96, GNorm: 21.17
Wloss: 2.86, Tloss: 0.62, Aloss: 0.76
[0][2050] Beta: 0.000, KL: 631.97, Word: 95.63, Topo: 99.42, Assm: 94.61, PNorm: 107.28, GNorm: 30.61
Wloss: 2.67, Tloss: 0.58, Aloss: 0.70
[0][2100] Beta: 0.000, KL: 720.48, Word: 96.26, Topo: 99.50, Assm: 95.77, PNorm: 107.59, GNorm: 21.26
Wloss: 2.41, Tloss: 0.53, Aloss: 0.59
[0][2150] Beta: 0.000, KL: 728.86, Word: 96.51, Topo: 99.60, Assm: 95.35, PNorm: 107.88, GNorm: 33.21
Wloss: 2.13, Tloss: 0.45, Aloss: 0.65
[0][2200] Beta: 0.000, KL: 744.40, Word: 97.13, Topo: 99.52, Assm: 95.20, PNorm: 108.16, GNorm: 26.38
Wloss: 1.97, Tloss: 0.51, Aloss: 0.61
[0][2250] Beta: 0.000, KL: 726.59, Word: 97.30, Topo: 99.54, Assm: 95.55, PNorm: 108.43, GNorm: 17.63
Wloss: 1.81, Tloss: 0.51, Aloss: 0.59
[0][2300] Beta: 0.000, KL: 811.69, Word: 97.71, Topo: 99.68, Assm: 96.41, PNorm: 108.68, GNorm: 16.45
Wloss: 1.60, Tloss: 0.33, Aloss: 0.54
[0][2350] Beta: 0.000, KL: 751.16, Word: 97.84, Topo: 99.66, Assm: 96.76, PNorm: 108.92, GNorm: 13.07
Wloss: 1.47, Tloss: 0.36, Aloss: 0.50
[0][2400] Beta: 0.000, KL: 819.22, Word: 97.95, Topo: 99.73, Assm: 96.64, PNorm: 109.16, GNorm: 16.78
Wloss: 1.37, Tloss: 0.28, Aloss: 0.47
[0][2450] Beta: 0.000, KL: 848.89, Word: 98.46, Topo: 99.73, Assm: 97.03, PNorm: 109.38, GNorm: 12.43
Wloss: 1.10, Tloss: 0.29, Aloss: 0.43
[0][2500] Beta: 0.000, KL: 807.66, Word: 98.28, Topo: 99.69, Assm: 96.98, PNorm: 109.63, GNorm: 14.51
Wloss: 1.16, Tloss: 0.40, Aloss: 0.47
[0][2550] Beta: 0.000, KL: 856.13, Word: 98.42, Topo: 99.78, Assm: 96.88, PNorm: 109.86, GNorm: 15.86
Wloss: 1.05, Tloss: 0.27, Aloss: 0.38
[0][2600] Beta: 0.000, KL: 821.04, Word: 87.93, Topo: 97.76, Assm: 88.28, PNorm: 109.79, GNorm: 45.68
Wloss: 8.87, Tloss: 2.06, Aloss: 1.66
[0][2650] Beta: 0.000, KL: 378.30, Word: 71.14, Topo: 94.40, Assm: 77.13, PNorm: 110.22, GNorm: 26.32
Wloss: 16.24, Tloss: 3.90, Aloss: 2.90
[0][2700] Beta: 0.000, KL: 386.25, Word: 78.38, Topo: 96.36, Assm: 81.59, PNorm: 110.88, GNorm: 25.93
Wloss: 11.41, Tloss: 2.54, Aloss: 2.29
[0][2750] Beta: 0.000, KL: 442.04, Word: 82.82, Topo: 96.81, Assm: 85.90, PNorm: 111.51, GNorm: 29.91
Wloss: 8.77, Tloss: 2.19, Aloss: 1.84
[0][2800] Beta: 0.000, KL: 499.37, Word: 85.23, Topo: 97.52, Assm: 88.64, PNorm: 112.10, GNorm: 30.81
Wloss: 7.67, Tloss: 1.80, Aloss: 1.55
[0][2850] Beta: 0.000, KL: 516.41, Word: 85.43, Topo: 97.31, Assm: 90.23, PNorm: 112.77, GNorm: 35.98
Wloss: 7.26, Tloss: 1.94, Aloss: 1.34
[0][2900] Beta: 0.000, KL: 519.44, Word: 87.17, Topo: 97.84, Assm: 89.47, PNorm: 113.42, GNorm: 34.51
Wloss: 6.34, Tloss: 1.60, Aloss: 1.33
[0][2950] Beta: 0.000, KL: 579.00, Word: 89.80, Topo: 98.26, Assm: 90.16, PNorm: 114.00, GNorm: 20.84
Wloss: 5.31, Tloss: 1.29, Aloss: 1.20
[0][3000] Beta: 0.000, KL: 546.30, Word: 90.17, Topo: 98.37, Assm: 91.25, PNorm: 114.54, GNorm: 30.19
Wloss: 4.80, Tloss: 1.29, Aloss: 1.13
[0][3050] Beta: 0.000, KL: 570.97, Word: 91.99, Topo: 98.38, Assm: 91.09, PNorm: 115.07, GNorm: 20.87
Wloss: 4.15, Tloss: 1.16, Aloss: 1.17
[0][3100] Beta: 0.000, KL: 571.08, Word: 91.67, Topo: 98.60, Assm: 91.57, PNorm: 115.63, GNorm: 23.13
Wloss: 4.03, Tloss: 1.02, Aloss: 1.08
[0][3150] Beta: 0.000, KL: 582.68, Word: 92.50, Topo: 98.85, Assm: 91.20, PNorm: 116.12, GNorm: 20.05
Wloss: 3.78, Tloss: 0.92, Aloss: 1.08
[0][3200] Beta: 0.000, KL: 589.28, Word: 93.63, Topo: 98.70, Assm: 92.47, PNorm: 116.58, GNorm: 23.33
Wloss: 3.27, Tloss: 1.00, Aloss: 1.01
[0][3250] Beta: 0.000, KL: 608.83, Word: 94.29, Topo: 98.77, Assm: 93.17, PNorm: 117.10, GNorm: 33.86
Wloss: 2.97, Tloss: 0.88, Aloss: 0.90
[0][3300] Beta: 0.000, KL: 613.24, Word: 94.76, Topo: 98.89, Assm: 93.78, PNorm: 117.55, GNorm: 18.01
Wloss: 2.71, Tloss: 0.86, Aloss: 0.90
[0][3350] Beta: 0.000, KL: 639.04, Word: 94.87, Topo: 98.84, Assm: 94.10, PNorm: 118.03, GNorm: 22.65
Wloss: 2.71, Tloss: 0.87, Aloss: 0.76
[0][3400] Beta: 0.000, KL: 645.16, Word: 95.01, Topo: 98.83, Assm: 93.76, PNorm: 118.43, GNorm: 19.87
Wloss: 2.53, Tloss: 0.87, Aloss: 0.81
[0][3450] Beta: 0.000, KL: 609.98, Word: 94.79, Topo: 98.31, Assm: 93.61, PNorm: 118.87, GNorm: 50.00
Wloss: 2.82, Tloss: 1.30, Aloss: 1.01
[0][3500] Beta: 0.000, KL: 404.52, Word: 74.01, Topo: 93.44, Assm: 76.90, PNorm: 119.05, GNorm: 24.43
Wloss: 16.78, Tloss: 5.26, Aloss: 3.20
[0][3550] Beta: 0.000, KL: 441.73, Word: 81.86, Topo: 96.86, Assm: 86.82, PNorm: 119.77, GNorm: 23.44
Wloss: 10.21, Tloss: 2.43, Aloss: 1.81
[0][3600] Beta: 0.000, KL: 519.90, Word: 86.76, Topo: 97.71, Assm: 90.61, PNorm: 120.54, GNorm: 21.98
Wloss: 7.12, Tloss: 1.79, Aloss: 1.28
[0][3650] Beta: 0.000, KL: 582.31, Word: 90.51, Topo: 98.56, Assm: 91.57, PNorm: 121.29, GNorm: 25.31
Wloss: 5.04, Tloss: 1.33, Aloss: 1.18
[0][3700] Beta: 0.000, KL: 627.97, Word: 92.73, Topo: 98.69, Assm: 93.88, PNorm: 121.97, GNorm: 25.53
Wloss: 3.99, Tloss: 1.18, Aloss: 0.93
[0][3750] Beta: 0.000, KL: 675.17, Word: 94.02, Topo: 98.96, Assm: 95.43, PNorm: 122.56, GNorm: 17.30
Wloss: 3.29, Tloss: 0.98, Aloss: 0.78
[0][3800] Beta: 0.000, KL: 731.31, Word: 95.97, Topo: 99.34, Assm: 96.47, PNorm: 123.06, GNorm: 22.26
Wloss: 2.46, Tloss: 0.62, Aloss: 0.59
[0][3850] Beta: 0.000, KL: 733.88, Word: 97.19, Topo: 99.59, Assm: 96.54, PNorm: 123.51, GNorm: 13.37
Wloss: 1.95, Tloss: 0.45, Aloss: 0.61
[0][3900] Beta: 0.000, KL: 836.00, Word: 97.81, Topo: 99.58, Assm: 96.81, PNorm: 123.96, GNorm: 24.72
Wloss: 1.52, Tloss: 0.42, Aloss: 0.55
[0][3950] Beta: 0.000, KL: 779.94, Word: 98.45, Topo: 99.69, Assm: 96.65, PNorm: 124.34, GNorm: 34.37
Wloss: 1.22, Tloss: 0.33, Aloss: 0.57
[0][4000] Beta: 0.000, KL: 777.75, Word: 98.75, Topo: 99.57, Assm: 97.36, PNorm: 124.70, GNorm: 15.21
Wloss: 1.06, Tloss: 0.39, Aloss: 0.44
[0][4050] Beta: 0.000, KL: 797.22, Word: 98.89, Topo: 99.65, Assm: 97.51, PNorm: 125.05, GNorm: 17.76
Wloss: 0.94, Tloss: 0.35, Aloss: 0.46
[0][4100] Beta: 0.000, KL: 810.91, Word: 99.28, Topo: 99.50, Assm: 97.31, PNorm: 125.37, GNorm: 30.10
Wloss: 0.69, Tloss: 0.46, Aloss: 0.49
[0][4150] Beta: 0.000, KL: 898.19, Word: 98.85, Topo: 98.41, Assm: 98.21, PNorm: 125.82, GNorm: 30.02
Wloss: 0.89, Tloss: 1.28, Aloss: 0.33
[0][4200] Beta: 0.000, KL: 794.70, Word: 98.96, Topo: 98.98, Assm: 97.29, PNorm: 126.22, GNorm: 15.14
Wloss: 0.82, Tloss: 0.88, Aloss: 0.50
[0][4250] Beta: 0.000, KL: 756.37, Word: 99.14, Topo: 99.70, Assm: 97.83, PNorm: 126.52, GNorm: 7.40
Wloss: 0.68, Tloss: 0.30, Aloss: 0.47
[0][4300] Beta: 0.000, KL: 792.06, Word: 99.42, Topo: 99.78, Assm: 98.21, PNorm: 126.75, GNorm: 17.75
Wloss: 0.53, Tloss: 0.23, Aloss: 0.34
[0][4350] Beta: 0.000, KL: 507.82, Word: 74.71, Topo: 93.58, Assm: 75.58, PNorm: 126.57, GNorm: 42.92
Wloss: 18.33, Tloss: 5.71, Aloss: 3.60
[0][4400] Beta: 0.000, KL: 361.54, Word: 74.35, Topo: 94.67, Assm: 77.75, PNorm: 127.13, GNorm: 32.77
Wloss: 14.14, Tloss: 3.63, Aloss: 2.81
[0][4450] Beta: 0.000, KL: 387.30, Word: 80.16, Topo: 95.26, Assm: 82.70, PNorm: 127.74, GNorm: 29.14
Wloss: 10.74, Tloss: 3.32, Aloss: 2.20
[0][4500] Beta: 0.000, KL: 414.57, Word: 82.48, Topo: 96.03, Assm: 86.03, PNorm: 128.31, GNorm: 24.41
Wloss: 9.22, Tloss: 2.78, Aloss: 1.96
[0][4550] Beta: 0.000, KL: 451.24, Word: 83.66, Topo: 96.30, Assm: 85.72, PNorm: 128.87, GNorm: 29.23
Wloss: 8.64, Tloss: 2.62, Aloss: 1.94
[0][4600] Beta: 0.000, KL: 448.43, Word: 85.15, Topo: 96.85, Assm: 87.22, PNorm: 129.48, GNorm: 22.00
Wloss: 7.64, Tloss: 2.24, Aloss: 1.66
[0][4650] Beta: 0.000, KL: 506.12, Word: 87.48, Topo: 97.26, Assm: 89.64, PNorm: 130.03, GNorm: 30.37
Wloss: 6.42, Tloss: 2.04, Aloss: 1.42
[0][4700] Beta: 0.000, KL: 479.70, Word: 89.03, Topo: 97.56, Assm: 90.79, PNorm: 130.60, GNorm: 21.82
Wloss: 5.84, Tloss: 1.91, Aloss: 1.35
[0][4750] Beta: 0.000, KL: 513.74, Word: 89.43, Topo: 97.49, Assm: 90.99, PNorm: 131.10, GNorm: 33.04
Wloss: 5.41, Tloss: 1.83, Aloss: 1.20
[0][4800] Beta: 0.000, KL: 548.05, Word: 90.34, Topo: 98.01, Assm: 92.92, PNorm: 131.66, GNorm: 23.49
Wloss: 4.96, Tloss: 1.55, Aloss: 1.11
[0][4850] Beta: 0.000, KL: 545.50, Word: 91.10, Topo: 98.09, Assm: 92.63, PNorm: 132.20, GNorm: 24.00
Wloss: 4.55, Tloss: 1.43, Aloss: 1.14
[0][4900] Beta: 0.000, KL: 571.28, Word: 91.65, Topo: 98.01, Assm: 93.52, PNorm: 132.69, GNorm: 25.20
Wloss: 4.23, Tloss: 1.44, Aloss: 1.00
[0][4950] Beta: 0.000, KL: 603.37, Word: 92.47, Topo: 97.99, Assm: 93.23, PNorm: 133.14, GNorm: 36.90
Wloss: 4.02, Tloss: 1.53, Aloss: 0.92
[0][5000] Beta: 0.000, KL: 608.96, Word: 92.70, Topo: 98.14, Assm: 94.19, PNorm: 133.63, GNorm: 33.82
Wloss: 3.64, Tloss: 1.41, Aloss: 0.86
[0][5050] Beta: 0.000, KL: 629.29, Word: 92.05, Topo: 98.30, Assm: 94.95, PNorm: 134.14, GNorm: 30.41
Wloss: 4.11, Tloss: 1.37, Aloss: 0.70
[0][5100] Beta: 0.000, KL: 667.19, Word: 94.06, Topo: 98.51, Assm: 95.18, PNorm: 134.58, GNorm: 21.44
Wloss: 3.20, Tloss: 1.14, Aloss: 0.70
[0][5150] Beta: 0.000, KL: 649.12, Word: 94.38, Topo: 98.54, Assm: 94.61, PNorm: 135.03, GNorm: 27.98
Wloss: 2.90, Tloss: 1.11, Aloss: 0.72
[0][5200] Beta: 0.000, KL: 544.83, Word: 83.13, Topo: 97.67, Assm: 84.73, PNorm: 135.33, GNorm: 31.21
Wloss: 11.91, Tloss: 2.25, Aloss: 3.72
[0][5250] Beta: 0.000, KL: 457.36, Word: 89.17, Topo: 98.91, Assm: 90.84, PNorm: 135.61, GNorm: 21.90
Wloss: 5.92, Tloss: 1.10, Aloss: 1.48
[0][5300] Beta: 0.000, KL: 471.00, Word: 93.24, Topo: 99.39, Assm: 93.37, PNorm: 135.83, GNorm: 26.22
Wloss: 3.64, Tloss: 0.66, Aloss: 1.03
[0][5350] Beta: 0.000, KL: 477.19, Word: 94.84, Topo: 99.55, Assm: 92.96, PNorm: 136.02, GNorm: 17.09
Wloss: 2.94, Tloss: 0.47, Aloss: 1.00
[0][5400] Beta: 0.000, KL: 518.71, Word: 95.43, Topo: 99.60, Assm: 93.44, PNorm: 136.19, GNorm: 15.54
Wloss: 2.50, Tloss: 0.43, Aloss: 0.93
[0][5450] Beta: 0.000, KL: 518.60, Word: 96.67, Topo: 99.60, Assm: 93.47, PNorm: 136.35, GNorm: 12.24
Wloss: 1.86, Tloss: 0.38, Aloss: 0.88
[0][5500] Beta: 0.000, KL: 528.37, Word: 97.05, Topo: 99.72, Assm: 94.24, PNorm: 136.50, GNorm: 16.02
Wloss: 1.67, Tloss: 0.27, Aloss: 0.82
[0][5550] Beta: 0.000, KL: 551.30, Word: 97.47, Topo: 99.62, Assm: 94.98, PNorm: 136.66, GNorm: 18.02
Wloss: 1.56, Tloss: 0.35, Aloss: 0.71
[0][5600] Beta: 0.000, KL: 562.25, Word: 97.91, Topo: 99.80, Assm: 94.37, PNorm: 136.82, GNorm: 15.83
Wloss: 1.20, Tloss: 0.22, Aloss: 0.77
[0][5650] Beta: 0.000, KL: 615.35, Word: 97.93, Topo: 99.75, Assm: 94.92, PNorm: 136.98, GNorm: 16.54
Wloss: 1.21, Tloss: 0.27, Aloss: 0.76
[0][5700] Beta: 0.000, KL: 611.79, Word: 98.52, Topo: 99.82, Assm: 95.08, PNorm: 137.13, GNorm: 15.16
Wloss: 1.00, Tloss: 0.20, Aloss: 0.68
[0][5750] Beta: 0.000, KL: 599.56, Word: 98.33, Topo: 99.81, Assm: 95.05, PNorm: 137.29, GNorm: 12.89
Wloss: 0.94, Tloss: 0.18, Aloss: 0.72
[0][5800] Beta: 0.000, KL: 634.02, Word: 98.40, Topo: 99.89, Assm: 95.28, PNorm: 137.45, GNorm: 14.14
Wloss: 0.90, Tloss: 0.11, Aloss: 0.66
[0][5850] Beta: 0.000, KL: 664.09, Word: 98.71, Topo: 99.83, Assm: 96.02, PNorm: 137.64, GNorm: 14.03
Wloss: 0.83, Tloss: 0.16, Aloss: 0.62
[0][5900] Beta: 0.000, KL: 672.64, Word: 98.64, Topo: 99.81, Assm: 95.75, PNorm: 137.85, GNorm: 14.85
Wloss: 0.90, Tloss: 0.23, Aloss: 0.60
[0][5950] Beta: 0.000, KL: 677.70, Word: 98.64, Topo: 99.82, Assm: 96.35, PNorm: 138.05, GNorm: 15.92
Wloss: 0.89, Tloss: 0.18, Aloss: 0.53
[0][6000] Beta: 0.000, KL: 678.76, Word: 98.98, Topo: 99.84, Assm: 96.43, PNorm: 138.20, GNorm: 7.61
Wloss: 0.63, Tloss: 0.16, Aloss: 0.53
[0][6050] Beta: 0.000, KL: 675.48, Word: 89.12, Topo: 97.96, Assm: 87.84, PNorm: 138.26, GNorm: 36.08
Wloss: 6.86, Tloss: 2.03, Aloss: 1.86
[0][6100] Beta: 0.000, KL: 486.33, Word: 81.93, Topo: 96.28, Assm: 83.55, PNorm: 138.85, GNorm: 24.48
Wloss: 10.06, Tloss: 2.93, Aloss: 2.33
[0][6150] Beta: 0.000, KL: 487.28, Word: 89.38, Topo: 98.00, Assm: 90.24, PNorm: 139.39, GNorm: 18.05
Wloss: 5.76, Tloss: 1.80, Aloss: 1.60
[0][6200] Beta: 0.000, KL: 547.72, Word: 92.82, Topo: 98.63, Assm: 94.09, PNorm: 139.88, GNorm: 18.27
Wloss: 4.13, Tloss: 1.19, Aloss: 1.05
[0][6250] Beta: 0.000, KL: 589.76, Word: 96.06, Topo: 99.15, Assm: 95.34, PNorm: 140.29, GNorm: 10.72
Wloss: 2.41, Tloss: 0.87, Aloss: 0.80
[0][6300] Beta: 0.000, KL: 593.02, Word: 96.44, Topo: 99.12, Assm: 95.78, PNorm: 140.66, GNorm: 21.09
Wloss: 2.22, Tloss: 0.77, Aloss: 0.73
[0][6350] Beta: 0.000, KL: 650.79, Word: 97.52, Topo: 99.40, Assm: 97.29, PNorm: 141.02, GNorm: 11.27
Wloss: 1.59, Tloss: 0.59, Aloss: 0.52
[0][6400] Beta: 0.000, KL: 693.30, Word: 98.17, Topo: 99.64, Assm: 97.30, PNorm: 141.33, GNorm: 15.65
Wloss: 1.25, Tloss: 0.41, Aloss: 0.51
[0][6450] Beta: 0.000, KL: 702.72, Word: 98.13, Topo: 99.57, Assm: 97.34, PNorm: 141.63, GNorm: 19.72
Wloss: 1.19, Tloss: 0.38, Aloss: 0.40
[0][6500] Beta: 0.000, KL: 723.52, Word: 98.54, Topo: 99.49, Assm: 97.47, PNorm: 141.89, GNorm: 28.94
Wloss: 1.00, Tloss: 0.48, Aloss: 0.42
[0][6550] Beta: 0.000, KL: 747.51, Word: 98.56, Topo: 99.39, Assm: 98.09, PNorm: 142.20, GNorm: 15.30
Wloss: 0.95, Tloss: 0.58, Aloss: 0.36
[0][6600] Beta: 0.000, KL: 789.93, Word: 98.87, Topo: 99.40, Assm: 98.59, PNorm: 142.45, GNorm: 32.46
Wloss: 0.83, Tloss: 0.50, Aloss: 0.25
[0][6650] Beta: 0.000, KL: 806.96, Word: 98.95, Topo: 99.73, Assm: 98.53, PNorm: 142.70, GNorm: 7.81
Wloss: 0.71, Tloss: 0.28, Aloss: 0.35
[0][6700] Beta: 0.000, KL: 732.28, Word: 99.29, Topo: 99.84, Assm: 98.59, PNorm: 142.93, GNorm: 9.97
Wloss: 0.56, Tloss: 0.18, Aloss: 0.29
[0][6750] Beta: 0.000, KL: 824.13, Word: 99.51, Topo: 99.91, Assm: 98.94, PNorm: 143.10, GNorm: 11.02
Wloss: 0.44, Tloss: 0.13, Aloss: 0.24
[0][6800] Beta: 0.000, KL: 817.97, Word: 99.44, Topo: 99.87, Assm: 97.98, PNorm: 143.31, GNorm: 11.21
Wloss: 0.49, Tloss: 0.17, Aloss: 0.40
[0][6850] Beta: 0.000, KL: 733.99, Word: 99.43, Topo: 99.88, Assm: 97.16, PNorm: 143.55, GNorm: 13.32
Wloss: 0.41, Tloss: 0.15, Aloss: 0.47
[0][6900] Beta: 0.000, KL: 771.72, Word: 96.88, Topo: 99.37, Assm: 95.34, PNorm: 143.71, GNorm: 50.00
Wloss: 2.81, Tloss: 0.87, Aloss: 1.13
[0][6950] Beta: 0.000, KL: 454.54, Word: 72.10, Topo: 95.04, Assm: 76.71, PNorm: 144.02, GNorm: 40.02
Wloss: 17.54, Tloss: 4.35, Aloss: 3.54
[0][7000] Beta: 0.000, KL: 435.97, Word: 79.90, Topo: 96.00, Assm: 81.88, PNorm: 144.81, GNorm: 29.13
Wloss: 11.16, Tloss: 3.05, Aloss: 2.53
[0][7050] Beta: 0.000, KL: 462.71, Word: 84.71, Topo: 97.02, Assm: 87.60, PNorm: 145.48, GNorm: 26.70
Wloss: 7.98, Tloss: 2.29, Aloss: 1.84
[0][7100] Beta: 0.000, KL: 465.91, Word: 87.76, Topo: 97.69, Assm: 88.96, PNorm: 146.02, GNorm: 23.76
Wloss: 6.53, Tloss: 1.85, Aloss: 1.72
[0][7150] Beta: 0.000, KL: 483.64, Word: 89.04, Topo: 97.68, Assm: 89.91, PNorm: 146.53, GNorm: 20.37
Wloss: 5.84, Tloss: 1.92, Aloss: 1.77
[0][7200] Beta: 0.000, KL: 525.70, Word: 90.57, Topo: 98.01, Assm: 92.21, PNorm: 147.07, GNorm: 19.96
Wloss: 5.22, Tloss: 1.64, Aloss: 1.39
[0][7250] Beta: 0.000, KL: 515.11, Word: 92.49, Topo: 98.36, Assm: 92.71, PNorm: 147.61, GNorm: 23.15
Wloss: 3.94, Tloss: 1.39, Aloss: 1.17
[0][7300] Beta: 0.000, KL: 559.05, Word: 93.82, Topo: 98.88, Assm: 94.55, PNorm: 148.05, GNorm: 17.05
Wloss: 3.43, Tloss: 0.99, Aloss: 0.91
[0][7350] Beta: 0.000, KL: 559.41, Word: 94.21, Topo: 98.86, Assm: 94.18, PNorm: 148.50, GNorm: 22.14
Wloss: 3.17, Tloss: 1.02, Aloss: 1.05
[0][7400] Beta: 0.000, KL: 565.44, Word: 94.47, Topo: 98.79, Assm: 95.14, PNorm: 148.90, GNorm: 19.97
Wloss: 3.14, Tloss: 1.00, Aloss: 0.83
[0][7450] Beta: 0.000, KL: 610.96, Word: 95.37, Topo: 98.76, Assm: 95.37, PNorm: 149.34, GNorm: 26.47
Wloss: 2.53, Tloss: 0.98, Aloss: 0.72
[0][7500] Beta: 0.000, KL: 597.93, Word: 96.33, Topo: 99.04, Assm: 95.96, PNorm: 149.73, GNorm: 17.55
Wloss: 2.17, Tloss: 0.81, Aloss: 0.68
[0][7550] Beta: 0.000, KL: 641.90, Word: 96.73, Topo: 98.83, Assm: 96.32, PNorm: 150.09, GNorm: 16.40
Wloss: 2.03, Tloss: 0.98, Aloss: 0.66
[0][7600] Beta: 0.000, KL: 608.58, Word: 96.81, Topo: 99.07, Assm: 96.24, PNorm: 150.46, GNorm: 27.17
Wloss: 2.06, Tloss: 0.92, Aloss: 0.76
[0][7650] Beta: 0.000, KL: 645.11, Word: 97.21, Topo: 99.32, Assm: 95.97, PNorm: 150.79, GNorm: 25.04
Wloss: 1.79, Tloss: 0.63, Aloss: 0.74
[0][7700] Beta: 0.000, KL: 606.27, Word: 97.33, Topo: 99.31, Assm: 96.21, PNorm: 151.07, GNorm: 24.06
Wloss: 1.62, Tloss: 0.62, Aloss: 0.68
[0][7750] Beta: 0.000, KL: 640.44, Word: 97.07, Topo: 99.32, Assm: 96.40, PNorm: 151.35, GNorm: 15.75
Wloss: 1.92, Tloss: 0.64, Aloss: 0.62
[0][7800] Beta: 0.000, KL: 547.85, Word: 92.24, Topo: 98.14, Assm: 90.53, PNorm: 151.68, GNorm: 21.75
Wloss: 4.22, Tloss: 1.50, Aloss: 1.64
[0][7850] Beta: 0.000, KL: 537.70, Word: 92.44, Topo: 98.18, Assm: 92.24, PNorm: 152.05, GNorm: 23.94
Wloss: 3.62, Tloss: 1.50, Aloss: 1.14
[0][7900] Beta: 0.000, KL: 547.12, Word: 93.19, Topo: 98.33, Assm: 92.94, PNorm: 152.43, GNorm: 26.94
Wloss: 3.37, Tloss: 1.26, Aloss: 0.98
[0][7950] Beta: 0.000, KL: 561.83, Word: 94.10, Topo: 98.66, Assm: 93.51, PNorm: 152.78, GNorm: 21.18
Wloss: 2.89, Tloss: 1.08, Aloss: 0.98
[0][8000] Beta: 0.000, KL: 582.10, Word: 95.38, Topo: 98.60, Assm: 94.97, PNorm: 153.10, GNorm: 16.64
Wloss: 2.38, Tloss: 1.02, Aloss: 0.76
[0][8050] Beta: 0.000, KL: 575.70, Word: 95.63, Topo: 98.86, Assm: 94.46, PNorm: 153.38, GNorm: 20.28
Wloss: 2.13, Tloss: 0.85, Aloss: 0.77
[0][8100] Beta: 0.000, KL: 601.48, Word: 96.12, Topo: 98.98, Assm: 95.64, PNorm: 153.67, GNorm: 22.92
Wloss: 1.92, Tloss: 0.75, Aloss: 0.61
[0][8150] Beta: 0.000, KL: 625.69, Word: 96.64, Topo: 99.04, Assm: 95.91, PNorm: 153.97, GNorm: 16.30
Wloss: 1.75, Tloss: 0.72, Aloss: 0.57
[0][8200] Beta: 0.000, KL: 649.95, Word: 97.13, Topo: 99.33, Assm: 96.31, PNorm: 154.21, GNorm: 17.13
Wloss: 1.55, Tloss: 0.56, Aloss: 0.50
[0][8250] Beta: 0.000, KL: 630.12, Word: 97.27, Topo: 99.24, Assm: 95.98, PNorm: 154.46, GNorm: 15.22
Wloss: 1.41, Tloss: 0.68, Aloss: 0.70
[0][8300] Beta: 0.000, KL: 644.58, Word: 97.26, Topo: 99.26, Assm: 95.90, PNorm: 154.70, GNorm: 50.00
Wloss: 1.30, Tloss: 0.63, Aloss: 0.70
[0][8350] Beta: 0.000, KL: 638.17, Word: 97.71, Topo: 99.28, Assm: 95.71, PNorm: 154.94, GNorm: 22.41
Wloss: 1.17, Tloss: 0.56, Aloss: 0.58
[0][8400] Beta: 0.000, KL: 659.62, Word: 97.95, Topo: 99.47, Assm: 96.14, PNorm: 155.20, GNorm: 13.97
Wloss: 1.03, Tloss: 0.42, Aloss: 0.52
[0][8450] Beta: 0.000, KL: 696.04, Word: 98.03, Topo: 99.52, Assm: 96.91, PNorm: 155.39, GNorm: 28.11
Wloss: 1.03, Tloss: 0.42, Aloss: 0.42
[0][8500] Beta: 0.000, KL: 694.42, Word: 98.24, Topo: 99.44, Assm: 96.30, PNorm: 155.59, GNorm: 17.28
Wloss: 1.02, Tloss: 0.45, Aloss: 0.52
[0][8550] Beta: 0.000, KL: 669.65, Word: 98.33, Topo: 99.48, Assm: 96.68, PNorm: 155.79, GNorm: 20.28
Wloss: 0.92, Tloss: 0.40, Aloss: 0.47
[0][8600] Beta: 0.000, KL: 668.74, Word: 98.43, Topo: 99.60, Assm: 97.00, PNorm: 156.03, GNorm: 17.25
Wloss: 0.90, Tloss: 0.33, Aloss: 0.47
Cosume Time per Epoch 8:08:08.884011
EPOCH: 2 | TIME: 2020-04-03 19:53:43.764390 
[1][31] Beta: 0.000, KL: 567.36, Word: 90.35, Topo: 98.05, Assm: 88.08, PNorm: 156.21, GNorm: 34.22
Wloss: 7.69, Tloss: 2.35, Aloss: 1.78
[1][81] Beta: 0.000, KL: 470.01, Word: 91.62, Topo: 98.97, Assm: 89.89, PNorm: 156.54, GNorm: 33.12
Wloss: 5.44, Tloss: 1.20, Aloss: 1.36
[1][131] Beta: 0.000, KL: 502.47, Word: 95.19, Topo: 99.20, Assm: 91.01, PNorm: 156.71, GNorm: 33.03
Wloss: 3.40, Tloss: 0.93, Aloss: 1.10
[1][181] Beta: 0.000, KL: 502.30, Word: 95.67, Topo: 99.28, Assm: 91.11, PNorm: 156.91, GNorm: 25.48
Wloss: 3.02, Tloss: 0.91, Aloss: 1.08
[1][231] Beta: 0.000, KL: 516.20, Word: 97.00, Topo: 99.42, Assm: 93.28, PNorm: 157.09, GNorm: 31.60
Wloss: 1.98, Tloss: 0.63, Aloss: 0.89
[1][281] Beta: 0.000, KL: 531.82, Word: 97.24, Topo: 99.46, Assm: 93.53, PNorm: 157.24, GNorm: 13.21
Wloss: 1.94, Tloss: 0.59, Aloss: 0.79
[1][331] Beta: 0.000, KL: 529.80, Word: 97.46, Topo: 99.59, Assm: 93.80, PNorm: 157.40, GNorm: 16.18
Wloss: 1.91, Tloss: 0.48, Aloss: 0.76
[1][381] Beta: 0.000, KL: 547.99, Word: 97.69, Topo: 99.55, Assm: 94.26, PNorm: 157.60, GNorm: 19.73
Wloss: 1.90, Tloss: 0.58, Aloss: 0.72
[1][431] Beta: 0.000, KL: 571.37, Word: 98.06, Topo: 99.62, Assm: 94.87, PNorm: 157.76, GNorm: 12.86
Wloss: 1.30, Tloss: 0.47, Aloss: 0.61
[1][481] Beta: 0.000, KL: 578.03, Word: 98.26, Topo: 99.60, Assm: 94.73, PNorm: 157.97, GNorm: 14.14
Wloss: 1.49, Tloss: 0.46, Aloss: 0.72
[1][531] Beta: 0.000, KL: 586.56, Word: 98.53, Topo: 99.64, Assm: 94.49, PNorm: 158.13, GNorm: 18.18
Wloss: 1.20, Tloss: 0.43, Aloss: 0.72
[1][581] Beta: 0.000, KL: 608.91, Word: 98.69, Topo: 99.66, Assm: 95.65, PNorm: 158.35, GNorm: 12.74
Wloss: 1.01, Tloss: 0.40, Aloss: 0.74
[1][631] Beta: 0.000, KL: 602.76, Word: 99.01, Topo: 99.70, Assm: 95.64, PNorm: 158.48, GNorm: 8.41
Wloss: 0.73, Tloss: 0.33, Aloss: 0.56
[1][681] Beta: 0.000, KL: 641.48, Word: 98.97, Topo: 99.73, Assm: 96.18, PNorm: 158.61, GNorm: 14.89
Wloss: 0.83, Tloss: 0.30, Aloss: 0.50
[1][731] Beta: 0.000, KL: 634.32, Word: 99.15, Topo: 99.81, Assm: 95.81, PNorm: 158.75, GNorm: 20.06
Wloss: 0.65, Tloss: 0.25, Aloss: 0.53
[1][781] Beta: 0.000, KL: 635.00, Word: 98.98, Topo: 99.81, Assm: 96.07, PNorm: 158.93, GNorm: 10.22
Wloss: 0.83, Tloss: 0.24, Aloss: 0.52
[1][831] Beta: 0.000, KL: 650.27, Word: 99.16, Topo: 99.82, Assm: 96.27, PNorm: 159.11, GNorm: 11.52
Wloss: 0.63, Tloss: 0.22, Aloss: 0.48
[1][881] Beta: 0.000, KL: 595.61, Word: 90.80, Topo: 98.30, Assm: 89.47, PNorm: 159.24, GNorm: 35.93
Wloss: 5.61, Tloss: 1.56, Aloss: 1.59
[1][931] Beta: 0.000, KL: 491.13, Word: 82.38, Topo: 96.20, Assm: 83.65, PNorm: 159.99, GNorm: 29.87
Wloss: 9.67, Tloss: 2.92, Aloss: 2.26
[1][981] Beta: 0.000, KL: 504.54, Word: 88.21, Topo: 97.79, Assm: 88.26, PNorm: 160.53, GNorm: 22.15
Wloss: 6.22, Tloss: 1.74, Aloss: 1.63
[1][1031] Beta: 0.000, KL: 533.63, Word: 91.96, Topo: 98.45, Assm: 92.49, PNorm: 160.94, GNorm: 26.27
Wloss: 4.25, Tloss: 1.28, Aloss: 1.05
[1][1081] Beta: 0.000, KL: 552.20, Word: 94.16, Topo: 98.93, Assm: 93.53, PNorm: 161.29, GNorm: 26.76
Wloss: 3.05, Tloss: 0.90, Aloss: 0.96
[1][1131] Beta: 0.000, KL: 574.61, Word: 95.74, Topo: 99.01, Assm: 95.01, PNorm: 161.62, GNorm: 20.92
Wloss: 2.47, Tloss: 0.85, Aloss: 0.79
[1][1181] Beta: 0.000, KL: 584.24, Word: 96.14, Topo: 99.27, Assm: 95.67, PNorm: 161.94, GNorm: 18.17
Wloss: 2.10, Tloss: 0.68, Aloss: 0.74
[1][1231] Beta: 0.000, KL: 606.70, Word: 96.88, Topo: 99.41, Assm: 95.90, PNorm: 162.22, GNorm: 17.83
Wloss: 1.85, Tloss: 0.57, Aloss: 0.66
[1][1281] Beta: 0.000, KL: 624.37, Word: 97.61, Topo: 99.46, Assm: 95.94, PNorm: 162.46, GNorm: 16.64
Wloss: 1.49, Tloss: 0.52, Aloss: 0.61
[1][1331] Beta: 0.000, KL: 621.12, Word: 98.09, Topo: 99.34, Assm: 96.75, PNorm: 162.70, GNorm: 17.68
Wloss: 1.21, Tloss: 0.64, Aloss: 0.54
[1][1381] Beta: 0.000, KL: 605.35, Word: 97.73, Topo: 99.53, Assm: 96.34, PNorm: 162.93, GNorm: 16.35
Wloss: 1.33, Tloss: 0.44, Aloss: 0.59
[1][1431] Beta: 0.000, KL: 650.09, Word: 98.58, Topo: 99.64, Assm: 97.10, PNorm: 163.13, GNorm: 15.25
Wloss: 0.90, Tloss: 0.30, Aloss: 0.46
[1][1481] Beta: 0.000, KL: 646.85, Word: 99.02, Topo: 99.66, Assm: 97.48, PNorm: 163.30, GNorm: 45.15
Wloss: 0.65, Tloss: 0.50, Aloss: 0.44
[1][1531] Beta: 0.000, KL: 666.19, Word: 99.11, Topo: 99.40, Assm: 97.54, PNorm: 163.52, GNorm: 27.29
Wloss: 0.68, Tloss: 0.56, Aloss: 0.35
[1][1581] Beta: 0.000, KL: 672.74, Word: 99.05, Topo: 99.70, Assm: 97.28, PNorm: 163.70, GNorm: 8.15
Wloss: 0.72, Tloss: 0.27, Aloss: 0.40
[1][1631] Beta: 0.000, KL: 703.97, Word: 99.42, Topo: 99.85, Assm: 98.21, PNorm: 163.85, GNorm: 15.67
Wloss: 0.51, Tloss: 0.20, Aloss: 0.31
[1][1681] Beta: 0.000, KL: 718.69, Word: 99.41, Topo: 99.85, Assm: 97.76, PNorm: 163.98, GNorm: 13.83
Wloss: 0.47, Tloss: 0.21, Aloss: 0.35
[1][1731] Beta: 0.000, KL: 674.71, Word: 97.50, Topo: 99.45, Assm: 96.05, PNorm: 164.08, GNorm: 50.00
Wloss: 1.87, Tloss: 0.72, Aloss: 0.82
[1][1781] Beta: 0.000, KL: 516.34, Word: 93.54, Topo: 98.99, Assm: 92.67, PNorm: 164.40, GNorm: 18.95
Wloss: 3.88, Tloss: 1.20, Aloss: 1.13
[1][1831] Beta: 0.000, KL: 512.83, Word: 97.30, Topo: 99.77, Assm: 95.97, PNorm: 164.56, GNorm: 15.96
Wloss: 1.61, Tloss: 0.27, Aloss: 0.60
[1][1881] Beta: 0.000, KL: 541.21, Word: 98.29, Topo: 99.81, Assm: 96.03, PNorm: 164.67, GNorm: 13.28
Wloss: 1.06, Tloss: 0.22, Aloss: 0.57
[1][1931] Beta: 0.000, KL: 556.89, Word: 98.97, Topo: 99.89, Assm: 97.11, PNorm: 164.77, GNorm: 6.39
Wloss: 0.65, Tloss: 0.13, Aloss: 0.39
[1][1981] Beta: 0.000, KL: 567.13, Word: 99.24, Topo: 99.91, Assm: 96.44, PNorm: 164.85, GNorm: 13.00
Wloss: 0.46, Tloss: 0.11, Aloss: 0.49
[1][2031] Beta: 0.000, KL: 588.54, Word: 99.30, Topo: 99.90, Assm: 97.33, PNorm: 164.90, GNorm: 10.78
Wloss: 0.48, Tloss: 0.11, Aloss: 0.39
[1][2081] Beta: 0.000, KL: 588.52, Word: 99.34, Topo: 99.94, Assm: 97.81, PNorm: 164.98, GNorm: 7.11
Wloss: 0.40, Tloss: 0.08, Aloss: 0.34
[1][2131] Beta: 0.000, KL: 605.46, Word: 99.56, Topo: 99.95, Assm: 98.00, PNorm: 165.04, GNorm: 10.77
Wloss: 0.34, Tloss: 0.07, Aloss: 0.32
[1][2181] Beta: 0.000, KL: 619.44, Word: 99.63, Topo: 99.96, Assm: 98.38, PNorm: 165.11, GNorm: 6.36
Wloss: 0.28, Tloss: 0.06, Aloss: 0.24
[1][2231] Beta: 0.000, KL: 644.79, Word: 99.57, Topo: 99.94, Assm: 97.58, PNorm: 165.17, GNorm: 6.68
Wloss: 0.33, Tloss: 0.10, Aloss: 0.31
[1][2281] Beta: 0.000, KL: 619.33, Word: 99.65, Topo: 99.95, Assm: 98.15, PNorm: 165.22, GNorm: 7.84
Wloss: 0.25, Tloss: 0.06, Aloss: 0.29
[1][2331] Beta: 0.000, KL: 640.65, Word: 99.74, Topo: 99.99, Assm: 98.12, PNorm: 165.29, GNorm: 2.86
Wloss: 0.17, Tloss: 0.02, Aloss: 0.26
[1][2381] Beta: 0.000, KL: 652.64, Word: 99.70, Topo: 99.96, Assm: 98.05, PNorm: 165.34, GNorm: 5.17
Wloss: 0.18, Tloss: 0.05, Aloss: 0.25
[1][2431] Beta: 0.000, KL: 658.08, Word: 99.67, Topo: 99.93, Assm: 97.89, PNorm: 165.40, GNorm: 8.14
Wloss: 0.20, Tloss: 0.07, Aloss: 0.27
[1][2481] Beta: 0.000, KL: 681.82, Word: 99.73, Topo: 99.94, Assm: 98.64, PNorm: 165.47, GNorm: 3.31
Wloss: 0.18, Tloss: 0.09, Aloss: 0.21
[1][2531] Beta: 0.000, KL: 693.37, Word: 99.74, Topo: 99.91, Assm: 98.28, PNorm: 165.53, GNorm: 7.73
Wloss: 0.17, Tloss: 0.14, Aloss: 0.22
[1][2581] Beta: 0.000, KL: 695.11, Word: 99.79, Topo: 99.95, Assm: 98.41, PNorm: 165.59, GNorm: 1.94
Wloss: 0.15, Tloss: 0.05, Aloss: 0.23
[1][2631] Beta: 0.000, KL: 537.75, Word: 83.28, Topo: 97.52, Assm: 82.40, PNorm: 165.97, GNorm: 30.87
Wloss: 9.24, Tloss: 2.18, Aloss: 2.22
[1][2681] Beta: 0.000, KL: 499.45, Word: 90.22, Topo: 98.38, Assm: 89.80, PNorm: 166.46, GNorm: 34.27
Wloss: 4.90, Tloss: 1.27, Aloss: 1.36
[1][2731] Beta: 0.000, KL: 513.24, Word: 92.98, Topo: 98.78, Assm: 92.46, PNorm: 166.79, GNorm: 15.09
Wloss: 3.35, Tloss: 0.96, Aloss: 1.06
[1][2781] Beta: 0.000, KL: 514.57, Word: 95.19, Topo: 99.12, Assm: 93.26, PNorm: 167.07, GNorm: 20.53
Wloss: 2.43, Tloss: 0.66, Aloss: 0.91
[1][2831] Beta: 0.000, KL: 539.24, Word: 95.94, Topo: 99.23, Assm: 93.81, PNorm: 167.34, GNorm: 21.69
Wloss: 1.97, Tloss: 0.63, Aloss: 0.84
[1][2881] Beta: 0.000, KL: 556.99, Word: 97.17, Topo: 99.32, Assm: 94.93, PNorm: 167.56, GNorm: 12.29
Wloss: 1.44, Tloss: 0.56, Aloss: 0.70
[1][2931] Beta: 0.000, KL: 554.81, Word: 97.68, Topo: 99.59, Assm: 94.69, PNorm: 167.75, GNorm: 12.58
Wloss: 1.14, Tloss: 0.35, Aloss: 0.73
[1][2981] Beta: 0.000, KL: 569.42, Word: 98.11, Topo: 99.61, Assm: 96.06, PNorm: 167.95, GNorm: 10.34
Wloss: 1.02, Tloss: 0.34, Aloss: 0.57
[1][3031] Beta: 0.000, KL: 582.28, Word: 98.53, Topo: 99.64, Assm: 96.12, PNorm: 168.13, GNorm: 15.55
Wloss: 0.74, Tloss: 0.32, Aloss: 0.58
[1][3081] Beta: 0.000, KL: 582.59, Word: 98.59, Topo: 99.63, Assm: 96.31, PNorm: 168.28, GNorm: 13.95
Wloss: 0.78, Tloss: 0.34, Aloss: 0.54
[1][3131] Beta: 0.000, KL: 589.00, Word: 98.95, Topo: 99.79, Assm: 96.62, PNorm: 168.45, GNorm: 8.81
Wloss: 0.57, Tloss: 0.17, Aloss: 0.47
[1][3181] Beta: 0.000, KL: 603.63, Word: 98.98, Topo: 99.82, Assm: 97.33, PNorm: 168.60, GNorm: 9.60
Wloss: 0.59, Tloss: 0.17, Aloss: 0.38
[1][3231] Beta: 0.000, KL: 617.88, Word: 99.10, Topo: 99.76, Assm: 97.38, PNorm: 168.74, GNorm: 5.88
Wloss: 0.51, Tloss: 0.19, Aloss: 0.39
[1][3281] Beta: 0.000, KL: 624.85, Word: 99.28, Topo: 99.83, Assm: 96.79, PNorm: 168.85, GNorm: 16.74
Wloss: 0.43, Tloss: 0.17, Aloss: 0.41
[1][3331] Beta: 0.000, KL: 635.54, Word: 99.40, Topo: 99.83, Assm: 98.05, PNorm: 168.97, GNorm: 10.00
Wloss: 0.35, Tloss: 0.16, Aloss: 0.27
[1][3381] Beta: 0.000, KL: 644.70, Word: 99.38, Topo: 99.72, Assm: 97.49, PNorm: 169.10, GNorm: 10.95
Wloss: 0.33, Tloss: 0.19, Aloss: 0.33
[1][3431] Beta: 0.000, KL: 642.24, Word: 99.49, Topo: 99.82, Assm: 97.73, PNorm: 169.23, GNorm: 7.56
Wloss: 0.33, Tloss: 0.14, Aloss: 0.31
[1][3481] Beta: 0.000, KL: 622.06, Word: 90.73, Topo: 98.00, Assm: 90.25, PNorm: 169.53, GNorm: 42.59
Wloss: 5.21, Tloss: 1.89, Aloss: 1.47
[1][3531] Beta: 0.000, KL: 566.09, Word: 92.59, Topo: 98.47, Assm: 94.01, PNorm: 170.07, GNorm: 25.46
Wloss: 3.64, Tloss: 1.27, Aloss: 0.86
[1][3581] Beta: 0.000, KL: 577.85, Word: 96.73, Topo: 99.50, Assm: 96.56, PNorm: 170.39, GNorm: 13.88
Wloss: 1.69, Tloss: 0.49, Aloss: 0.48
[1][3631] Beta: 0.000, KL: 601.53, Word: 98.13, Topo: 99.77, Assm: 98.04, PNorm: 170.59, GNorm: 12.26
Wloss: 1.08, Tloss: 0.26, Aloss: 0.38
[1][3681] Beta: 0.000, KL: 600.37, Word: 99.09, Topo: 99.87, Assm: 97.85, PNorm: 170.77, GNorm: 7.57
Wloss: 0.54, Tloss: 0.17, Aloss: 0.36
[1][3731] Beta: 0.000, KL: 614.35, Word: 99.65, Topo: 99.92, Assm: 98.40, PNorm: 170.88, GNorm: 13.75
Wloss: 0.27, Tloss: 0.08, Aloss: 0.34
[1][3781] Beta: 0.000, KL: 635.26, Word: 99.76, Topo: 99.93, Assm: 98.60, PNorm: 170.96, GNorm: 4.58
Wloss: 0.21, Tloss: 0.07, Aloss: 0.26
[1][3831] Beta: 0.000, KL: 638.92, Word: 99.83, Topo: 99.97, Assm: 98.45, PNorm: 171.03, GNorm: 10.76
Wloss: 0.17, Tloss: 0.04, Aloss: 0.27
[1][3881] Beta: 0.000, KL: 630.10, Word: 99.83, Topo: 99.94, Assm: 98.58, PNorm: 171.13, GNorm: 1.51
Wloss: 0.15, Tloss: 0.08, Aloss: 0.26
[1][3931] Beta: 0.000, KL: 668.35, Word: 99.90, Topo: 99.93, Assm: 98.72, PNorm: 171.22, GNorm: 3.45
Wloss: 0.13, Tloss: 0.10, Aloss: 0.21
[1][3981] Beta: 0.000, KL: 671.37, Word: 99.96, Topo: 99.98, Assm: 98.96, PNorm: 171.28, GNorm: 2.47
Wloss: 0.07, Tloss: 0.03, Aloss: 0.17
[1][4031] Beta: 0.000, KL: 675.94, Word: 99.95, Topo: 99.99, Assm: 98.82, PNorm: 171.31, GNorm: 1.09
Wloss: 0.06, Tloss: 0.03, Aloss: 0.18
[1][4081] Beta: 0.000, KL: 668.64, Word: 99.96, Topo: 99.96, Assm: 98.82, PNorm: 171.35, GNorm: 2.06
Wloss: 0.05, Tloss: 0.04, Aloss: 0.20
[1][4131] Beta: 0.000, KL: 681.46, Word: 99.98, Topo: 99.94, Assm: 98.61, PNorm: 171.41, GNorm: 1.39
Wloss: 0.04, Tloss: 0.10, Aloss: 0.17
[1][4181] Beta: 0.000, KL: 698.33, Word: 99.98, Topo: 99.96, Assm: 98.79, PNorm: 171.44, GNorm: 1.55
Wloss: 0.04, Tloss: 0.05, Aloss: 0.16
[1][4231] Beta: 0.000, KL: 691.29, Word: 100.00, Topo: 99.98, Assm: 98.71, PNorm: 171.49, GNorm: 1.66
Wloss: 0.03, Tloss: 0.04, Aloss: 0.16
[1][4281] Beta: 0.000, KL: 698.17, Word: 100.00, Topo: 99.98, Assm: 98.86, PNorm: 171.54, GNorm: 1.61
Wloss: 0.03, Tloss: 0.04, Aloss: 0.15
[1][4331] Beta: 0.000, KL: 654.45, Word: 92.70, Topo: 98.60, Assm: 91.14, PNorm: 171.62, GNorm: 50.00
Wloss: 4.64, Tloss: 1.48, Aloss: 1.37
[1][4381] Beta: 0.000, KL: 510.63, Word: 84.66, Topo: 97.00, Assm: 85.05, PNorm: 172.49, GNorm: 27.27
Wloss: 8.11, Tloss: 2.41, Aloss: 2.06
[1][4431] Beta: 0.000, KL: 520.28, Word: 88.46, Topo: 97.32, Assm: 88.84, PNorm: 173.31, GNorm: 29.71
Wloss: 5.61, Tloss: 2.06, Aloss: 1.47
[1][4481] Beta: 0.000, KL: 526.35, Word: 91.76, Topo: 98.01, Assm: 92.20, PNorm: 173.86, GNorm: 23.20
Wloss: 3.97, Tloss: 1.44, Aloss: 1.11
[1][4531] Beta: 0.000, KL: 541.20, Word: 93.07, Topo: 98.41, Assm: 93.28, PNorm: 174.27, GNorm: 24.45
Wloss: 3.42, Tloss: 1.22, Aloss: 0.99
[1][4581] Beta: 0.000, KL: 560.56, Word: 95.26, Topo: 99.08, Assm: 95.23, PNorm: 174.66, GNorm: 26.53
Wloss: 2.34, Tloss: 0.79, Aloss: 0.74
[1][4631] Beta: 0.000, KL: 546.74, Word: 95.65, Topo: 99.04, Assm: 94.83, PNorm: 174.98, GNorm: 21.88
Wloss: 2.26, Tloss: 0.80, Aloss: 0.72
[1][4681] Beta: 0.000, KL: 567.38, Word: 95.88, Topo: 99.10, Assm: 95.99, PNorm: 175.29, GNorm: 13.91
Wloss: 2.20, Tloss: 0.78, Aloss: 0.57
[1][4731] Beta: 0.000, KL: 580.34, Word: 96.59, Topo: 99.19, Assm: 96.59, PNorm: 175.58, GNorm: 20.88
Wloss: 1.80, Tloss: 0.77, Aloss: 0.55
[1][4781] Beta: 0.000, KL: 594.70, Word: 97.13, Topo: 99.13, Assm: 96.65, PNorm: 175.85, GNorm: 24.33
Wloss: 1.55, Tloss: 0.84, Aloss: 0.44
[1][4831] Beta: 0.000, KL: 594.13, Word: 97.61, Topo: 99.51, Assm: 96.89, PNorm: 176.07, GNorm: 17.51
Wloss: 1.27, Tloss: 0.43, Aloss: 0.44
[1][4881] Beta: 0.000, KL: 607.16, Word: 98.00, Topo: 99.42, Assm: 97.08, PNorm: 176.28, GNorm: 21.84
Wloss: 1.06, Tloss: 0.49, Aloss: 0.45
[1][4931] Beta: 0.000, KL: 605.00, Word: 98.38, Topo: 99.50, Assm: 97.69, PNorm: 176.48, GNorm: 5.77
Wloss: 0.86, Tloss: 0.47, Aloss: 0.38
[1][4981] Beta: 0.000, KL: 591.88, Word: 98.22, Topo: 99.49, Assm: 97.20, PNorm: 176.65, GNorm: 9.31
Wloss: 1.00, Tloss: 0.43, Aloss: 0.44
[1][5031] Beta: 0.000, KL: 618.72, Word: 98.68, Topo: 99.72, Assm: 98.01, PNorm: 176.81, GNorm: 16.07
Wloss: 0.70, Tloss: 0.25, Aloss: 0.31
[1][5081] Beta: 0.000, KL: 623.62, Word: 98.63, Topo: 99.78, Assm: 98.33, PNorm: 176.95, GNorm: 14.68
Wloss: 0.71, Tloss: 0.23, Aloss: 0.29
[1][5131] Beta: 0.000, KL: 623.05, Word: 98.74, Topo: 99.76, Assm: 98.24, PNorm: 177.09, GNorm: 17.11
Wloss: 0.59, Tloss: 0.24, Aloss: 0.26
[1][5181] Beta: 0.000, KL: 606.58, Word: 95.30, Topo: 99.24, Assm: 93.79, PNorm: 177.21, GNorm: 50.00
Wloss: 3.42, Tloss: 0.78, Aloss: 1.61
[1][5231] Beta: 0.000, KL: 493.76, Word: 91.40, Topo: 99.08, Assm: 91.93, PNorm: 177.59, GNorm: 23.64
Wloss: 4.75, Tloss: 0.85, Aloss: 1.25
[1][5281] Beta: 0.000, KL: 509.23, Word: 95.59, Topo: 99.51, Assm: 95.48, PNorm: 177.79, GNorm: 18.69
Wloss: 2.31, Tloss: 0.49, Aloss: 0.66
[1][5331] Beta: 0.000, KL: 520.91, Word: 97.13, Topo: 99.72, Assm: 95.88, PNorm: 177.95, GNorm: 14.98
Wloss: 1.43, Tloss: 0.25, Aloss: 0.58
[1][5381] Beta: 0.000, KL: 530.49, Word: 98.04, Topo: 99.79, Assm: 96.78, PNorm: 178.05, GNorm: 13.38
Wloss: 1.01, Tloss: 0.23, Aloss: 0.46
[1][5431] Beta: 0.000, KL: 540.46, Word: 98.61, Topo: 99.81, Assm: 96.59, PNorm: 178.15, GNorm: 11.73
Wloss: 0.79, Tloss: 0.18, Aloss: 0.45
[1][5481] Beta: 0.000, KL: 539.56, Word: 98.84, Topo: 99.88, Assm: 97.19, PNorm: 178.23, GNorm: 12.99
Wloss: 0.69, Tloss: 0.13, Aloss: 0.41
[1][5531] Beta: 0.000, KL: 563.33, Word: 99.01, Topo: 99.89, Assm: 97.59, PNorm: 178.33, GNorm: 10.74
Wloss: 0.56, Tloss: 0.13, Aloss: 0.35
[1][5581] Beta: 0.000, KL: 563.43, Word: 98.97, Topo: 99.87, Assm: 97.96, PNorm: 178.43, GNorm: 9.24
Wloss: 0.55, Tloss: 0.15, Aloss: 0.32
[1][5631] Beta: 0.000, KL: 574.25, Word: 99.38, Topo: 99.91, Assm: 98.45, PNorm: 178.50, GNorm: 7.04
Wloss: 0.42, Tloss: 0.10, Aloss: 0.24
[1][5681] Beta: 0.000, KL: 586.48, Word: 99.22, Topo: 99.94, Assm: 98.24, PNorm: 178.58, GNorm: 5.37
Wloss: 0.45, Tloss: 0.08, Aloss: 0.27
[1][5731] Beta: 0.000, KL: 593.30, Word: 99.05, Topo: 99.91, Assm: 98.39, PNorm: 178.65, GNorm: 8.82
Wloss: 0.53, Tloss: 0.09, Aloss: 0.28
[1][5781] Beta: 0.000, KL: 587.23, Word: 99.19, Topo: 99.95, Assm: 98.64, PNorm: 178.75, GNorm: 12.84
Wloss: 0.49, Tloss: 0.06, Aloss: 0.20
[1][5831] Beta: 0.000, KL: 600.83, Word: 99.47, Topo: 99.95, Assm: 98.79, PNorm: 178.82, GNorm: 13.47
Wloss: 0.32, Tloss: 0.05, Aloss: 0.21
[1][5881] Beta: 0.000, KL: 607.56, Word: 99.44, Topo: 99.95, Assm: 98.36, PNorm: 178.88, GNorm: 12.02
Wloss: 0.28, Tloss: 0.06, Aloss: 0.27
[1][5931] Beta: 0.000, KL: 610.64, Word: 99.52, Topo: 99.98, Assm: 98.82, PNorm: 178.96, GNorm: 6.94
Wloss: 0.30, Tloss: 0.03, Aloss: 0.17
[1][5981] Beta: 0.000, KL: 619.55, Word: 99.66, Topo: 99.96, Assm: 98.49, PNorm: 179.02, GNorm: 9.99
Wloss: 0.25, Tloss: 0.05, Aloss: 0.25
[1][6031] Beta: 0.000, KL: 622.03, Word: 99.73, Topo: 99.94, Assm: 99.10, PNorm: 179.08, GNorm: 2.93
Wloss: 0.19, Tloss: 0.07, Aloss: 0.17
[1][6081] Beta: 0.000, KL: 582.21, Word: 87.98, Topo: 97.99, Assm: 87.30, PNorm: 179.64, GNorm: 36.99
Wloss: 6.26, Tloss: 1.88, Aloss: 2.03
[1][6131] Beta: 0.000, KL: 565.85, Word: 93.29, Topo: 98.80, Assm: 94.66, PNorm: 180.17, GNorm: 21.67
Wloss: 3.42, Tloss: 1.05, Aloss: 0.75
[1][6181] Beta: 0.000, KL: 575.96, Word: 96.67, Topo: 99.46, Assm: 96.68, PNorm: 180.47, GNorm: 14.25
Wloss: 1.69, Tloss: 0.49, Aloss: 0.60
[1][6231] Beta: 0.000, KL: 571.52, Word: 97.53, Topo: 99.69, Assm: 97.31, PNorm: 180.70, GNorm: 15.93
Wloss: 1.42, Tloss: 0.35, Aloss: 0.48
[1][6281] Beta: 0.000, KL: 575.68, Word: 98.52, Topo: 99.77, Assm: 98.37, PNorm: 180.87, GNorm: 12.90
Wloss: 0.84, Tloss: 0.25, Aloss: 0.36
[1][6331] Beta: 0.000, KL: 574.84, Word: 98.74, Topo: 99.77, Assm: 97.35, PNorm: 181.03, GNorm: 18.80
Wloss: 0.86, Tloss: 0.22, Aloss: 0.54
[1][6381] Beta: 0.000, KL: 596.03, Word: 99.32, Topo: 99.90, Assm: 98.79, PNorm: 181.17, GNorm: 3.99
Wloss: 0.39, Tloss: 0.11, Aloss: 0.19
[1][6431] Beta: 0.000, KL: 603.88, Word: 99.61, Topo: 99.92, Assm: 99.07, PNorm: 181.27, GNorm: 3.23
Wloss: 0.30, Tloss: 0.09, Aloss: 0.21
[1][6481] Beta: 0.000, KL: 614.28, Word: 99.84, Topo: 99.96, Assm: 98.43, PNorm: 181.37, GNorm: 6.44
Wloss: 0.14, Tloss: 0.06, Aloss: 0.27
[1][6531] Beta: 0.000, KL: 620.90, Word: 99.83, Topo: 99.95, Assm: 98.56, PNorm: 181.43, GNorm: 9.96
Wloss: 0.17, Tloss: 0.06, Aloss: 0.25
[1][6581] Beta: 0.000, KL: 630.53, Word: 99.89, Topo: 99.94, Assm: 99.27, PNorm: 181.51, GNorm: 3.93
Wloss: 0.13, Tloss: 0.06, Aloss: 0.13
[1][6631] Beta: 0.000, KL: 639.60, Word: 99.92, Topo: 99.95, Assm: 99.11, PNorm: 181.57, GNorm: 3.24
Wloss: 0.10, Tloss: 0.08, Aloss: 0.18
[1][6681] Beta: 0.000, KL: 642.69, Word: 99.92, Topo: 99.92, Assm: 98.81, PNorm: 181.64, GNorm: 3.83
Wloss: 0.12, Tloss: 0.10, Aloss: 0.18
[1][6731] Beta: 0.000, KL: 645.18, Word: 99.97, Topo: 99.84, Assm: 99.01, PNorm: 181.72, GNorm: 4.08
Wloss: 0.07, Tloss: 0.20, Aloss: 0.16
[1][6781] Beta: 0.000, KL: 661.89, Word: 99.94, Topo: 99.91, Assm: 99.10, PNorm: 181.79, GNorm: 4.82
Wloss: 0.07, Tloss: 0.12, Aloss: 0.12
[1][6831] Beta: 0.000, KL: 681.74, Word: 99.95, Topo: 99.96, Assm: 98.81, PNorm: 181.85, GNorm: 0.77
Wloss: 0.07, Tloss: 0.06, Aloss: 0.16
[1][6881] Beta: 0.000, KL: 829.66, Word: 99.94, Topo: 99.98, Assm: 99.37, PNorm: 181.88, GNorm: 1.17
Wloss: 0.09, Tloss: 0.04, Aloss: 0.10
[1][6931] Beta: 0.000, KL: 591.42, Word: 87.95, Topo: 97.73, Assm: 87.29, PNorm: 182.26, GNorm: 50.00
Wloss: 7.31, Tloss: 2.06, Aloss: 2.04
[1][6981] Beta: 0.000, KL: 506.22, Word: 87.35, Topo: 97.64, Assm: 88.67, PNorm: 183.14, GNorm: 29.07
Wloss: 6.64, Tloss: 1.85, Aloss: 1.76
[1][7031] Beta: 0.000, KL: 507.36, Word: 91.60, Topo: 98.41, Assm: 91.42, PNorm: 183.76, GNorm: 24.10
Wloss: 4.07, Tloss: 1.35, Aloss: 1.43
[1][7081] Beta: 0.000, KL: 533.04, Word: 93.66, Topo: 98.66, Assm: 93.28, PNorm: 184.21, GNorm: 28.12
Wloss: 3.06, Tloss: 1.17, Aloss: 1.12
[1][7131] Beta: 0.000, KL: 536.40, Word: 96.30, Topo: 99.01, Assm: 94.77, PNorm: 184.59, GNorm: 36.23
Wloss: 1.88, Tloss: 0.81, Aloss: 0.86
[1][7181] Beta: 0.000, KL: 581.49, Word: 96.67, Topo: 98.98, Assm: 95.71, PNorm: 184.93, GNorm: 18.61
Wloss: 1.80, Tloss: 0.79, Aloss: 0.74
[1][7231] Beta: 0.000, KL: 583.28, Word: 97.56, Topo: 99.34, Assm: 96.70, PNorm: 185.19, GNorm: 15.44
Wloss: 1.30, Tloss: 0.53, Aloss: 0.53
[1][7281] Beta: 0.000, KL: 566.97, Word: 97.91, Topo: 99.45, Assm: 95.88, PNorm: 185.45, GNorm: 23.22
Wloss: 1.16, Tloss: 0.43, Aloss: 0.79
[1][7331] Beta: 0.000, KL: 594.90, Word: 97.90, Topo: 99.58, Assm: 97.19, PNorm: 185.64, GNorm: 16.20
Wloss: 1.19, Tloss: 0.41, Aloss: 0.42
[1][7381] Beta: 0.000, KL: 590.99, Word: 98.58, Topo: 99.69, Assm: 97.68, PNorm: 185.82, GNorm: 7.58
Wloss: 0.85, Tloss: 0.29, Aloss: 0.44
[1][7431] Beta: 0.000, KL: 612.22, Word: 98.84, Topo: 99.76, Assm: 97.76, PNorm: 186.00, GNorm: 6.54
Wloss: 0.69, Tloss: 0.27, Aloss: 0.36
[1][7481] Beta: 0.000, KL: 612.67, Word: 98.98, Topo: 99.70, Assm: 97.34, PNorm: 186.16, GNorm: 8.49
Wloss: 0.61, Tloss: 0.38, Aloss: 0.43
[1][7531] Beta: 0.000, KL: 622.98, Word: 98.84, Topo: 99.78, Assm: 97.64, PNorm: 186.32, GNorm: 11.69
Wloss: 0.72, Tloss: 0.26, Aloss: 0.40
[1][7581] Beta: 0.000, KL: 622.57, Word: 99.07, Topo: 99.71, Assm: 98.13, PNorm: 186.47, GNorm: 19.99
Wloss: 0.60, Tloss: 0.29, Aloss: 0.34
[1][7631] Beta: 0.000, KL: 632.53, Word: 99.31, Topo: 99.87, Assm: 98.64, PNorm: 186.60, GNorm: 6.17
Wloss: 0.48, Tloss: 0.16, Aloss: 0.26
[1][7681] Beta: 0.000, KL: 628.43, Word: 98.93, Topo: 99.85, Assm: 97.49, PNorm: 186.74, GNorm: 11.09
Wloss: 0.68, Tloss: 0.20, Aloss: 0.45
[1][7731] Beta: 0.000, KL: 623.13, Word: 98.79, Topo: 99.83, Assm: 97.80, PNorm: 186.89, GNorm: 12.95
Wloss: 0.74, Tloss: 0.18, Aloss: 0.43
[1][7781] Beta: 0.000, KL: 610.84, Word: 97.64, Topo: 99.46, Assm: 96.50, PNorm: 187.07, GNorm: 26.49
Wloss: 1.30, Tloss: 0.48, Aloss: 0.56
[1][7831] Beta: 0.000, KL: 581.16, Word: 95.76, Topo: 99.07, Assm: 93.87, PNorm: 187.33, GNorm: 22.92
Wloss: 2.01, Tloss: 0.75, Aloss: 0.89
[1][7881] Beta: 0.000, KL: 586.92, Word: 96.30, Topo: 99.18, Assm: 95.84, PNorm: 187.62, GNorm: 17.12
Wloss: 1.74, Tloss: 0.67, Aloss: 0.60
[1][7931] Beta: 0.000, KL: 604.56, Word: 96.73, Topo: 99.30, Assm: 96.40, PNorm: 187.89, GNorm: 18.62
Wloss: 1.56, Tloss: 0.59, Aloss: 0.54
[1][7981] Beta: 0.000, KL: 608.96, Word: 96.99, Topo: 99.40, Assm: 96.50, PNorm: 188.12, GNorm: 20.59
Wloss: 1.41, Tloss: 0.49, Aloss: 0.51
[1][8031] Beta: 0.000, KL: 615.37, Word: 97.54, Topo: 99.53, Assm: 97.52, PNorm: 188.34, GNorm: 23.10
Wloss: 1.16, Tloss: 0.42, Aloss: 0.36
[1][8081] Beta: 0.000, KL: 636.14, Word: 97.99, Topo: 99.67, Assm: 97.49, PNorm: 188.48, GNorm: 19.47
Wloss: 0.93, Tloss: 0.30, Aloss: 0.39
[1][8131] Beta: 0.000, KL: 618.31, Word: 97.94, Topo: 99.57, Assm: 98.10, PNorm: 188.66, GNorm: 14.52
Wloss: 1.05, Tloss: 0.35, Aloss: 0.34
[1][8181] Beta: 0.000, KL: 636.09, Word: 98.09, Topo: 99.67, Assm: 98.27, PNorm: 188.80, GNorm: 16.74
Wloss: 0.87, Tloss: 0.26, Aloss: 0.28
[1][8231] Beta: 0.000, KL: 632.89, Word: 98.28, Topo: 99.63, Assm: 97.69, PNorm: 188.94, GNorm: 17.51
Wloss: 0.83, Tloss: 0.29, Aloss: 0.35
[1][8281] Beta: 0.000, KL: 625.73, Word: 98.86, Topo: 99.69, Assm: 98.20, PNorm: 189.09, GNorm: 10.46
Wloss: 0.64, Tloss: 0.30, Aloss: 0.30
[1][8331] Beta: 0.000, KL: 637.61, Word: 99.08, Topo: 99.70, Assm: 98.57, PNorm: 189.20, GNorm: 5.68
Wloss: 0.44, Tloss: 0.26, Aloss: 0.22
[1][8381] Beta: 0.000, KL: 656.42, Word: 99.34, Topo: 99.80, Assm: 98.94, PNorm: 189.30, GNorm: 10.19
Wloss: 0.41, Tloss: 0.18, Aloss: 0.19
[1][8431] Beta: 0.000, KL: 649.96, Word: 99.22, Topo: 99.74, Assm: 98.60, PNorm: 189.40, GNorm: 9.05
Wloss: 0.43, Tloss: 0.24, Aloss: 0.23
[1][8481] Beta: 0.000, KL: 668.21, Word: 99.38, Topo: 99.85, Assm: 98.83, PNorm: 189.49, GNorm: 8.87
Wloss: 0.35, Tloss: 0.14, Aloss: 0.20
[1][8531] Beta: 0.000, KL: 668.10, Word: 99.41, Topo: 99.85, Assm: 98.73, PNorm: 189.57, GNorm: 8.96
Wloss: 0.32, Tloss: 0.15, Aloss: 0.18
[1][8581] Beta: 0.000, KL: 675.05, Word: 99.21, Topo: 99.89, Assm: 98.54, PNorm: 189.66, GNorm: 6.60
Wloss: 0.41, Tloss: 0.10, Aloss: 0.22
Cosume Time per Epoch 8:06:23.115244
EPOCH: 3 | TIME: 2020-04-04 04:00:07.352168 
[2][12] Beta: 0.000, KL: 659.24, Word: 97.11, Topo: 99.51, Assm: 95.98, PNorm: 189.75, GNorm: 40.10
Wloss: 2.07, Tloss: 0.57, Aloss: 0.70
[2][62] Beta: 0.000, KL: 556.17, Word: 93.53, Topo: 99.01, Assm: 93.56, PNorm: 190.22, GNorm: 23.16
Wloss: 4.59, Tloss: 1.19, Aloss: 1.00
[2][112] Beta: 0.000, KL: 559.61, Word: 96.34, Topo: 99.46, Assm: 94.93, PNorm: 190.49, GNorm: 17.98
Wloss: 2.51, Tloss: 0.66, Aloss: 0.65
[2][162] Beta: 0.000, KL: 587.84, Word: 97.35, Topo: 99.61, Assm: 96.19, PNorm: 190.82, GNorm: 15.48
Wloss: 1.83, Tloss: 0.41, Aloss: 0.49
[2][212] Beta: 0.000, KL: 595.91, Word: 97.80, Topo: 99.60, Assm: 96.32, PNorm: 191.02, GNorm: 16.51
Wloss: 1.45, Tloss: 0.49, Aloss: 0.53
CUDA out of memory. Tried to allocate 9.82 GiB (GPU 0; 23.65 GiB total capacity; 4.47 GiB already allocated; 9.36 GiB free; 13.50 GiB reserved in total by PyTorch)
[2][262] Beta: 0.000, KL: 589.07, Word: 96.13, Topo: 97.59, Assm: 94.85, PNorm: 191.24, GNorm: 27.11
Wloss: 1.25, Tloss: 0.47, Aloss: 0.45
[2][312] Beta: 0.000, KL: 608.45, Word: 98.57, Topo: 99.81, Assm: 97.23, PNorm: 191.40, GNorm: 6.42
Wloss: 1.01, Tloss: 0.24, Aloss: 0.35
CUDA out of memory. Tried to allocate 7.95 GiB (GPU 0; 23.65 GiB total capacity; 6.52 GiB already allocated; 4.57 GiB free; 18.30 GiB reserved in total by PyTorch)
[2][412] Beta: 0.000, KL: 1230.90, Word: 195.73, Topo: 197.56, Assm: 194.35, PNorm: 191.66, GNorm: 7.44
Wloss: 1.64, Tloss: 0.50, Aloss: 0.52
